<?xml version="1.0" encoding="UTF-8"?>
<!-- Generated by org.testng.reporters.JUnitReportReporter -->
<testsuite hostname="DESKTOP-MEJQHUP" failures="0" tests="2" name="Academy.HomePage" time="15.053" errors="0" timestamp="2021-05-31T17:14:08 IST" skipped="0">
  <testcase classname="Academy.HomePage" name="basePageNavigation" time="6.244"/>
  <system-out/>
  <testcase classname="Academy.HomePage" name="basePageNavigation" time="8.809"/>
  <system-out/>
</testsuite> <!-- Academy.HomePage -->
