<?xml version="1.0" encoding="UTF-8"?>
<!-- Generated by org.testng.reporters.JUnitReportReporter -->
<testsuite hostname="DESKTOP-MEJQHUP" failures="0" tests="2" name="Academy.HomePage" time="20.957" errors="0" timestamp="1 Jun 2021 06:05:28 GMT">
  <testcase classname="Academy.HomePage" name="basePageNavigation" time="7.886"/>
  <testcase classname="Academy.HomePage" name="basePageNavigation" time="13.071"/>
</testsuite> <!-- Academy.HomePage -->
