<?xml version="1.0" encoding="UTF-8"?>
<!-- Generated by org.testng.reporters.JUnitReportReporter -->
<testsuite hostname="DESKTOP-MEJQHUP" failures="0" tests="2" name="Academy.HomePage" time="14.829" errors="0" timestamp="1 Jun 2021 07:01:58 GMT">
  <testcase classname="Academy.HomePage" name="basePageNavigation" time="9.483"/>
  <testcase classname="Academy.HomePage" name="basePageNavigation" time="5.346"/>
</testsuite> <!-- Academy.HomePage -->
